[ 2015-05-27T13:55:37+08:00 ] ::1 /onethink/install.php?s=/Install/step2.html
ERR: Access denied for user 'root'@'localhost' (using password: NO)

[ 2015-05-27T14:12:00+08:00 ] ::1 /onethink/index.php?s=/admin/attribute/update.html
ERR: 1060:Duplicate column name 'id'
 [ SQL语句 ] : 				CREATE TABLE IF NOT EXISTS `onethink_album` (
				`id`  int(10) UNSIGNED NOT NULL AUTO_INCREMENT COMMENT '主键' ,
				`id`  int(10) UNSIGNED NOT NULL  COMMENT '图片ID' ,
				PRIMARY KEY (`id`)
				)
				ENGINE=MyISAM
				DEFAULT CHARACTER SET=utf8 COLLATE=utf8_general_ci
				CHECKSUM=0
				ROW_FORMAT=DYNAMIC
				DELAY_KEY_WRITE=0
				;

[ 2015-05-27T14:12:36+08:00 ] ::1 /onethink/index.php?s=/admin/attribute/update.html
ERR: 1060:Duplicate column name 'id'
 [ SQL语句 ] : 				CREATE TABLE IF NOT EXISTS `onethink_album` (
				`id`  int(10) UNSIGNED NOT NULL AUTO_INCREMENT COMMENT '主键' ,
				`id`  int(10) UNSIGNED NOT NULL  COMMENT '图片ID' ,
				PRIMARY KEY (`id`)
				)
				ENGINE=MyISAM
				DEFAULT CHARACTER SET=utf8 COLLATE=utf8_general_ci
				CHECKSUM=0
				ROW_FORMAT=DYNAMIC
				DELAY_KEY_WRITE=0
				;

[ 2015-05-27T15:40:07+08:00 ] ::1 /onethink/index.php?s=/admin/menu/index.php.html
ERR: 非法操作:index.php

